# JRE version: OpenJDK Runtime Environment (11.0.7+10) (build 11.0.7+10-b765.53)
# Java VM: OpenJDK 64-Bit Server VM (11.0.7+10-b765.53, mixed mode, tiered, compressed oops, g1 gc, linux-amd64)
Heap:
 garbage-first heap   total 749568K, used 18627K [0x0000000707200000, 0x0000000800000000)
  region size 1024K, 1 young (1024K), 1 survivors (1024K)
 Metaspace       used 41171K, capacity 42315K, committed 42496K, reserved 1087488K
  class space    used 4618K, capacity 5074K, committed 5120K, reserved 1048576K
GC Heap History (20 events):
Event: 17219,485 GC heap after
{Heap after GC invocations=66 (full 0):
 garbage-first heap   total 428032K, used 18671K [0x0000000707200000, 0x0000000800000000)
  region size 1024K, 1 young (1024K), 1 survivors (1024K)
 Metaspace       used 41171K, capacity 42315K, committed 42496K, reserved 1087488K
  class space    used 4618K, capacity 5074K, committed 5120K, reserved 1048576K
}
Event: 17262,558 GC heap before
{Heap before GC invocations=66 (full 0):
 garbage-first heap   total 428032K, used 38127K [0x0000000707200000, 0x0000000800000000)
  region size 1024K, 20 young (20480K), 1 survivors (1024K)
 Metaspace       used 41171K, capacity 42315K, committed 42496K, reserved 1087488K
  class space    used 4618K, capacity 5074K, committed 5120K, reserved 1048576K
}
Event: 17262,561 GC heap after
{Heap after GC invocations=67 (full 0):
 garbage-first heap   total 428032K, used 18691K [0x0000000707200000, 0x0000000800000000)
  region size 1024K, 1 young (1024K), 1 survivors (1024K)
 Metaspace       used 41171K, capacity 42315K, committed 42496K, reserved 1087488K
  class space    used 4618K, capacity 5074K, committed 5120K, reserved 1048576K
}
Event: 17302,794 GC heap before
{Heap before GC invocations=67 (full 0):
 garbage-first heap   total 428032K, used 38147K [0x0000000707200000, 0x0000000800000000)
  region size 1024K, 20 young (20480K), 1 survivors (1024K)
 Metaspace       used 41171K, capacity 42315K, committed 42496K, reserved 1087488K
  class space    used 4618K, capacity 5074K, committed 5120K, reserved 1048576K
}
Event: 17302,795 GC heap after
{Heap after GC invocations=68 (full 0):
 garbage-first heap   total 428032K, used 18636K [0x0000000707200000, 0x0000000800000000)
  region size 1024K, 1 young (1024K), 1 survivors (1024K)
 Metaspace       used 41171K, capacity 42315K, committed 42496K, reserved 1087488K
  class space    used 4618K, capacity 5074K, committed 5120K, reserved 1048576K
}
Event: 17337,912 GC heap before
{Heap before GC invocations=68 (full 0):
 garbage-first heap   total 428032K, used 38092K [0x0000000707200000, 0x0000000800000000)
  region size 1024K, 20 young (20480K), 1 survivors (1024K)
 Metaspace       used 41171K, capacity 42315K, committed 42496K, reserved 1087488K
  class space    used 4618K, capacity 5074K, committed 5120K, reserved 1048576K
}
Event: 17337,912 GC heap after
{Heap after GC invocations=69 (full 0):
 garbage-first heap   total 428032K, used 18687K [0x0000000707200000, 0x0000000800000000)
  region size 1024K, 1 young (1024K), 1 survivors (1024K)
 Metaspace       used 41171K, capacity 42315K, committed 42496K, reserved 1087488K
  class space    used 4618K, capacity 5074K, committed 5120K, reserved 1048576K
}
Event: 17390,427 GC heap before
{Heap before GC invocations=69 (full 0):
 garbage-first heap   total 428032K, used 38143K [0x0000000707200000, 0x0000000800000000)
  region size 1024K, 20 young (20480K), 1 survivors (1024K)
 Metaspace       used 41171K, capacity 42315K, committed 42496K, reserved 1087488K
  class space    used 4618K, capacity 5074K, committed 5120K, reserved 1048576K
}
Event: 17392,520 GC heap after
{Heap after GC invocations=70 (full 0):
 garbage-first heap   total 428032K, used 18653K [0x0000000707200000, 0x0000000800000000)
  region size 1024K, 1 young (1024K), 1 survivors (1024K)
 Metaspace       used 41171K, capacity 42315K, committed 42496K, reserved 1087488K
  class space    used 4618K, capacity 5074K, committed 5120K, reserved 1048576K
}
Event: 17440,411 GC heap before
{Heap before GC invocations=70 (full 0):
 garbage-first heap   total 428032K, used 38109K [0x0000000707200000, 0x0000000800000000)
  region size 1024K, 20 young (20480K), 1 survivors (1024K)
 Metaspace       used 41171K, capacity 42315K, committed 42496K, reserved 1087488K
  class space    used 4618K, capacity 5074K, committed 5120K, reserved 1048576K
}
Event: 17440,532 GC heap after
{Heap after GC invocations=71 (full 0):
 garbage-first heap   total 428032K, used 18641K [0x0000000707200000, 0x0000000800000000)
  region size 1024K, 1 young (1024K), 1 survivors (1024K)
 Metaspace       used 41171K, capacity 42315K, committed 42496K, reserved 1087488K
  class space    used 4618K, capacity 5074K, committed 5120K, reserved 1048576K
}
Event: 17501,900 GC heap before
{Heap before GC invocations=71 (full 0):
 garbage-first heap   total 428032K, used 38097K [0x0000000707200000, 0x0000000800000000)
  region size 1024K, 20 young (20480K), 1 survivors (1024K)
 Metaspace       used 41171K, capacity 42315K, committed 42496K, reserved 1087488K
  class space    used 4618K, capacity 5074K, committed 5120K, reserved 1048576K
}
Event: 17504,096 GC heap after
{Heap after GC invocations=72 (full 0):
 garbage-first heap   total 428032K, used 18653K [0x0000000707200000, 0x0000000800000000)
  region size 1024K, 1 young (1024K), 1 survivors (1024K)
 Metaspace       used 41171K, capacity 42315K, committed 42496K, reserved 1087488K
  class space    used 4618K, capacity 5074K, committed 5120K, reserved 1048576K
}
Event: 17599,368 GC heap before
{Heap before GC invocations=72 (full 0):
 garbage-first heap   total 428032K, used 38109K [0x0000000707200000, 0x0000000800000000)
  region size 1024K, 20 young (20480K), 1 survivors (1024K)
 Metaspace       used 41171K, capacity 42315K, committed 42496K, reserved 1087488K
  class space    used 4618K, capacity 5074K, committed 5120K, reserved 1048576K
}
Event: 17612,902 GC heap after
{Heap after GC invocations=73 (full 0):
 garbage-first heap   total 428032K, used 18701K [0x0000000707200000, 0x0000000800000000)
  region size 1024K, 1 young (1024K), 1 survivors (1024K)
 Metaspace       used 41171K, capacity 42315K, committed 42496K, reserved 1087488K
  class space    used 4618K, capacity 5074K, committed 5120K, reserved 1048576K
}
Event: 17706,689 GC heap before
{Heap before GC invocations=73 (full 0):
 garbage-first heap   total 428032K, used 38157K [0x0000000707200000, 0x0000000800000000)
  region size 1024K, 20 young (20480K), 1 survivors (1024K)
 Metaspace       used 41171K, capacity 42315K, committed 42496K, reserved 1087488K
  class space    used 4618K, capacity 5074K, committed 5120K, reserved 1048576K
}
Event: 17716,823 GC heap after
{Heap after GC invocations=74 (full 0):
 garbage-first heap   total 428032K, used 18649K [0x0000000707200000, 0x0000000800000000)
  region size 1024K, 1 young (1024K), 1 survivors (1024K)
 Metaspace       used 41171K, capacity 42315K, committed 42496K, reserved 1087488K
  class space    used 4618K, capacity 5074K, committed 5120K, reserved 1048576K
}
Event: 18013,781 GC heap before
{Heap before GC invocations=74 (full 0):
 garbage-first heap   total 428032K, used 38105K [0x0000000707200000, 0x0000000800000000)
  region size 1024K, 20 young (20480K), 1 survivors (1024K)
 Metaspace       used 41171K, capacity 42315K, committed 42496K, reserved 1087488K
  class space    used 4618K, capacity 5074K, committed 5120K, reserved 1048576K
}
Event: 18020,423 GC heap after
{Heap after GC invocations=75 (full 0):
 garbage-first heap   total 428032K, used 18702K [0x0000000707200000, 0x0000000800000000)
  region size 1024K, 1 young (1024K), 1 survivors (1024K)
 Metaspace       used 41171K, capacity 42315K, committed 42496K, reserved 1087488K
  class space    used 4618K, capacity 5074K, committed 5120K, reserved 1048576K
}
Event: 18146,605 GC heap before
{Heap before GC invocations=75 (full 0):
 garbage-first heap   total 428032K, used 38158K [0x0000000707200000, 0x0000000800000000)
  region size 1024K, 20 young (20480K), 1 survivors (1024K)
 Metaspace       used 41171K, capacity 42315K, committed 42496K, reserved 1087488K
  class space    used 4618K, capacity 5074K, committed 5120K, reserved 1048576K
}

