# JRE version: OpenJDK Runtime Environment (11.0.7+10) (build 11.0.7+10-b765.53)
# Java VM: OpenJDK 64-Bit Server VM (11.0.7+10-b765.53, mixed mode, tiered, compressed oops, g1 gc, linux-amd64)
Heap:
 garbage-first heap   total 630784K, used 18620K [0x0000000707200000, 0x0000000800000000)
  region size 1024K, 1 young (1024K), 1 survivors (1024K)
 Metaspace       used 42598K, capacity 43811K, committed 44160K, reserved 1087488K
  class space    used 4718K, capacity 5207K, committed 5248K, reserved 1048576K
GC Heap History (20 events):
Event: 27578,795 GC heap after
{Heap after GC invocations=101 (full 0):
 garbage-first heap   total 307200K, used 18612K [0x0000000707200000, 0x0000000800000000)
  region size 1024K, 1 young (1024K), 1 survivors (1024K)
 Metaspace       used 42598K, capacity 43811K, committed 44160K, reserved 1087488K
  class space    used 4718K, capacity 5207K, committed 5248K, reserved 1048576K
}
Event: 27631,946 GC heap before
{Heap before GC invocations=101 (full 0):
 garbage-first heap   total 307200K, used 32948K [0x0000000707200000, 0x0000000800000000)
  region size 1024K, 15 young (15360K), 1 survivors (1024K)
 Metaspace       used 42598K, capacity 43811K, committed 44160K, reserved 1087488K
  class space    used 4718K, capacity 5207K, committed 5248K, reserved 1048576K
}
Event: 27633,431 GC heap after
{Heap after GC invocations=102 (full 0):
 garbage-first heap   total 307200K, used 18571K [0x0000000707200000, 0x0000000800000000)
  region size 1024K, 1 young (1024K), 1 survivors (1024K)
 Metaspace       used 42598K, capacity 43811K, committed 44160K, reserved 1087488K
  class space    used 4718K, capacity 5207K, committed 5248K, reserved 1048576K
}
Event: 27684,364 GC heap before
{Heap before GC invocations=102 (full 0):
 garbage-first heap   total 307200K, used 32907K [0x0000000707200000, 0x0000000800000000)
  region size 1024K, 15 young (15360K), 1 survivors (1024K)
 Metaspace       used 42598K, capacity 43811K, committed 44160K, reserved 1087488K
  class space    used 4718K, capacity 5207K, committed 5248K, reserved 1048576K
}
Event: 27688,812 GC heap after
{Heap after GC invocations=103 (full 0):
 garbage-first heap   total 307200K, used 18701K [0x0000000707200000, 0x0000000800000000)
  region size 1024K, 1 young (1024K), 1 survivors (1024K)
 Metaspace       used 42598K, capacity 43811K, committed 44160K, reserved 1087488K
  class space    used 4718K, capacity 5207K, committed 5248K, reserved 1048576K
}
Event: 27758,543 GC heap before
{Heap before GC invocations=103 (full 0):
 garbage-first heap   total 307200K, used 32013K [0x0000000707200000, 0x0000000800000000)
  region size 1024K, 15 young (15360K), 1 survivors (1024K)
 Metaspace       used 42598K, capacity 43811K, committed 44160K, reserved 1087488K
  class space    used 4718K, capacity 5207K, committed 5248K, reserved 1048576K
}
Event: 27759,838 GC heap after
{Heap after GC invocations=104 (full 0):
 garbage-first heap   total 307200K, used 18677K [0x0000000707200000, 0x0000000800000000)
  region size 1024K, 1 young (1024K), 1 survivors (1024K)
 Metaspace       used 42598K, capacity 43811K, committed 44160K, reserved 1087488K
  class space    used 4718K, capacity 5207K, committed 5248K, reserved 1048576K
}
Event: 27787,170 GC heap before
{Heap before GC invocations=104 (full 0):
 garbage-first heap   total 307200K, used 31989K [0x0000000707200000, 0x0000000800000000)
  region size 1024K, 15 young (15360K), 1 survivors (1024K)
 Metaspace       used 42598K, capacity 43811K, committed 44160K, reserved 1087488K
  class space    used 4718K, capacity 5207K, committed 5248K, reserved 1048576K
}
Event: 27787,720 GC heap after
{Heap after GC invocations=105 (full 0):
 garbage-first heap   total 307200K, used 18625K [0x0000000707200000, 0x0000000800000000)
  region size 1024K, 1 young (1024K), 1 survivors (1024K)
 Metaspace       used 42598K, capacity 43811K, committed 44160K, reserved 1087488K
  class space    used 4718K, capacity 5207K, committed 5248K, reserved 1048576K
}
Event: 27817,853 GC heap before
{Heap before GC invocations=105 (full 0):
 garbage-first heap   total 307200K, used 31937K [0x0000000707200000, 0x0000000800000000)
  region size 1024K, 15 young (15360K), 1 survivors (1024K)
 Metaspace       used 42598K, capacity 43811K, committed 44160K, reserved 1087488K
  class space    used 4718K, capacity 5207K, committed 5248K, reserved 1048576K
}
Event: 27818,256 GC heap after
{Heap after GC invocations=106 (full 0):
 garbage-first heap   total 368640K, used 18610K [0x0000000707200000, 0x0000000800000000)
  region size 1024K, 1 young (1024K), 1 survivors (1024K)
 Metaspace       used 42598K, capacity 43811K, committed 44160K, reserved 1087488K
  class space    used 4718K, capacity 5207K, committed 5248K, reserved 1048576K
}
Event: 27850,482 GC heap before
{Heap before GC invocations=106 (full 0):
 garbage-first heap   total 368640K, used 36018K [0x0000000707200000, 0x0000000800000000)
  region size 1024K, 18 young (18432K), 1 survivors (1024K)
 Metaspace       used 42598K, capacity 43811K, committed 44160K, reserved 1087488K
  class space    used 4718K, capacity 5207K, committed 5248K, reserved 1048576K
}
Event: 27853,311 GC heap after
{Heap after GC invocations=107 (full 0):
 garbage-first heap   total 368640K, used 18661K [0x0000000707200000, 0x0000000800000000)
  region size 1024K, 1 young (1024K), 1 survivors (1024K)
 Metaspace       used 42598K, capacity 43811K, committed 44160K, reserved 1087488K
  class space    used 4718K, capacity 5207K, committed 5248K, reserved 1048576K
}
Event: 27903,425 GC heap before
{Heap before GC invocations=107 (full 0):
 garbage-first heap   total 368640K, used 36069K [0x0000000707200000, 0x0000000800000000)
  region size 1024K, 18 young (18432K), 1 survivors (1024K)
 Metaspace       used 42598K, capacity 43811K, committed 44160K, reserved 1087488K
  class space    used 4718K, capacity 5207K, committed 5248K, reserved 1048576K
}
Event: 27907,391 GC heap after
{Heap after GC invocations=108 (full 0):
 garbage-first heap   total 368640K, used 18609K [0x0000000707200000, 0x0000000800000000)
  region size 1024K, 1 young (1024K), 1 survivors (1024K)
 Metaspace       used 42598K, capacity 43811K, committed 44160K, reserved 1087488K
  class space    used 4718K, capacity 5207K, committed 5248K, reserved 1048576K
}
Event: 27970,783 GC heap before
{Heap before GC invocations=108 (full 0):
 garbage-first heap   total 368640K, used 36017K [0x0000000707200000, 0x0000000800000000)
  region size 1024K, 18 young (18432K), 1 survivors (1024K)
 Metaspace       used 42598K, capacity 43811K, committed 44160K, reserved 1087488K
  class space    used 4718K, capacity 5207K, committed 5248K, reserved 1048576K
}
Event: 27982,902 GC heap after
{Heap after GC invocations=109 (full 0):
 garbage-first heap   total 368640K, used 18656K [0x0000000707200000, 0x0000000800000000)
  region size 1024K, 1 young (1024K), 1 survivors (1024K)
 Metaspace       used 42598K, capacity 43811K, committed 44160K, reserved 1087488K
  class space    used 4718K, capacity 5207K, committed 5248K, reserved 1048576K
}
Event: 28054,257 GC heap before
{Heap before GC invocations=109 (full 0):
 garbage-first heap   total 368640K, used 36064K [0x0000000707200000, 0x0000000800000000)
  region size 1024K, 18 young (18432K), 1 survivors (1024K)
 Metaspace       used 42598K, capacity 43811K, committed 44160K, reserved 1087488K
  class space    used 4718K, capacity 5207K, committed 5248K, reserved 1048576K
}
Event: 28060,546 GC heap after
{Heap after GC invocations=110 (full 0):
 garbage-first heap   total 368640K, used 18585K [0x0000000707200000, 0x0000000800000000)
  region size 1024K, 1 young (1024K), 1 survivors (1024K)
 Metaspace       used 42598K, capacity 43811K, committed 44160K, reserved 1087488K
  class space    used 4718K, capacity 5207K, committed 5248K, reserved 1048576K
}
Event: 28142,099 GC heap before
{Heap before GC invocations=110 (full 0):
 garbage-first heap   total 368640K, used 35993K [0x0000000707200000, 0x0000000800000000)
  region size 1024K, 18 young (18432K), 1 survivors (1024K)
 Metaspace       used 42598K, capacity 43811K, committed 44160K, reserved 1087488K
  class space    used 4718K, capacity 5207K, committed 5248K, reserved 1048576K
}

